#
# There is insufficient memory for the Java Runtime Environment to continue.
# Native memory allocation (malloc) failed to allocate 32744 bytes for ChunkPool::allocate
# Possible reasons:
#   The system is out of physical RAM or swap space
#   In 32 bit mode, the process size limit was hit
# Possible solutions:
#   Reduce memory load on the system
#   Increase physical memory or swap space
#   Check if swap backing store is full
#   Use 64 bit Java on a 64 bit OS
#   Decrease Java heap size (-Xmx/-Xms)
#   Decrease number of Java threads
#   Decrease Java thread stack sizes (-Xss)
#   Set larger code cache with -XX:ReservedCodeCacheSize=
# This output file may be truncated or incomplete.
#
#  Out of Memory Error (allocation.cpp:273), pid=13588, tid=0x0000000000004120
#
# JRE version: Java(TM) SE Runtime Environment (8.0_92-b14) (build 1.8.0_92-b14)
# Java VM: Java HotSpot(TM) 64-Bit Server VM (25.92-b14 mixed mode windows-amd64 compressed oops)
# Failed to write core dump. Minidumps are not enabled by default on client versions of Windows
#

---------------  T H R E A D  ---------------

Current thread (0x00000000566d4000):  JavaThread "C2 CompilerThread1" daemon [_thread_in_native, id=16672, stack(0x0000000056b30000,0x0000000056c30000)]

Stack: [0x0000000056b30000,0x0000000056c30000]
[error occurred during error reporting (printing stack bounds), id 0xc0000005]

Native frames: (J=compiled Java code, j=interpreted, Vv=VM code, C=native code)


Current CompileTask:
C2:   1108  578       4       java.util.HashMap::get (23 bytes)


---------------  P R O C E S S  ---------------

Java Threads: ( => current thread )
  0x00000000569aa000 JavaThread "pool-1-thread-4" [_thread_blocked, id=17200, stack(0x00000000574d0000,0x00000000575d0000)]
  0x00000000569b6000 JavaThread "pool-1-thread-3" [_thread_in_vm, id=16172, stack(0x0000000057150000,0x0000000057250000)]
  0x000000005689b800 JavaThread "pool-1-thread-2" [_thread_blocked, id=11176, stack(0x0000000057750000,0x0000000057850000)]
  0x000000005689a800 JavaThread "pool-2-thread-1" [_thread_blocked, id=17264, stack(0x00000000575f0000,0x00000000576f0000)]
  0x0000000056897000 JavaThread "pool-1-thread-1" [_thread_in_vm, id=17248, stack(0x00000000573a0000,0x00000000574a0000)]
  0x00000000566e1000 JavaThread "Service Thread" daemon [_thread_blocked, id=16828, stack(0x0000000057030000,0x0000000057130000)]
  0x00000000566d5000 JavaThread "C1 CompilerThread2" daemon [_thread_in_native, id=16916, stack(0x0000000056e60000,0x0000000056f60000)]
=>0x00000000566d4000 JavaThread "C2 CompilerThread1" daemon [_thread_in_native, id=16672, stack(0x0000000056b30000,0x0000000056c30000)]
  0x00000000551eb800 JavaThread "C2 CompilerThread0" daemon [_thread_in_native, id=17312, stack(0x0000000056c30000,0x0000000056d30000)]
  0x00000000566cb000 JavaThread "Attach Listener" daemon [_thread_blocked, id=16684, stack(0x0000000056360000,0x0000000056460000)]
  0x00000000566ca800 JavaThread "Signal Dispatcher" daemon [_thread_blocked, id=17120, stack(0x0000000056100000,0x0000000056200000)]
  0x00000000551c9000 JavaThread "Finalizer" daemon [_thread_blocked, id=17224, stack(0x00000000565c0000,0x00000000566c0000)]
  0x0000000055182000 JavaThread "Reference Handler" daemon [_thread_blocked, id=16572, stack(0x00000000564b0000,0x00000000565b0000)]
  0x000000000056d800 JavaThread "main" [_thread_blocked, id=17396, stack(0x00000000026f0000,0x00000000027f0000)]

Other Threads:
  0x000000005517a000 VMThread [stack: 0x0000000056230000,0x0000000056330000] [id=15476]
  0x0000000056781800 WatcherThread [stack: 0x0000000057250000,0x0000000057350000] [id=16756]

VM state:not at safepoint (normal execution)

VM Mutex/Monitor currently owned by a thread:  ([mutex/lock_event])
[0x000000000056cab0] MethodData_lock - owner thread: 0x00000000569b6000

Heap:
 PSYoungGen      total 18944K, used 11891K [0x00000000eab00000, 0x00000000ec000000, 0x0000000100000000)
  eden space 16384K, 72% used [0x00000000eab00000,0x00000000eb69cef0,0x00000000ebb00000)
  from space 2560K, 0% used [0x00000000ebd80000,0x00000000ebd80000,0x00000000ec000000)
  to   space 2560K, 0% used [0x00000000ebb00000,0x00000000ebb00000,0x00000000ebd80000)
 ParOldGen       total 44032K, used 0K [0x00000000c0000000, 0x00000000c2b00000, 0x00000000eab00000)
  object space 44032K, 0% used [0x00000000c0000000,0x00000000c0000000,0x00000000c2b00000)
 Metaspace       used 5622K, capacity 6576K, committed 6784K, reserved 1056768K
  class space    used 599K, capacity 616K, committed 640K, reserved 1048576K

Card table byte_map: [0x0000000011bb0000,0x0000000011dc0000] byte_map_base: 0x00000000115b0000

Marking Bits: (ParMarkBitMap*) 0x0000000071cd64f0
 Begin Bits: [0x00000000125f0000, 0x00000000135f0000)
 End Bits:   [0x00000000135f0000, 0x00000000145f0000)

Polling page: 0x0000000000170000

CodeCache: size=245760Kb used=2176Kb max_used=2187Kb free=243583Kb
 bounds [0x00000000027f0000, 0x0000000002a60000, 0x00000000117f0000]
 total_blobs=820 nmethods=551 adapters=182
 compilation: enabled

Compilation events (10 events):
Event: 1.003 Thread 0x00000000566d4000 nmethod 569 0x0000000002a0e190 code [0x0000000002a0e2c0, 0x0000000002a0e318]
Event: 1.004 Thread 0x00000000566d4000  571       4       java.util.BitSet::set (58 bytes)
Event: 1.005 Thread 0x00000000566d4000 nmethod 571 0x0000000002a11350 code [0x0000000002a114a0, 0x0000000002a115b8]
Event: 1.005 Thread 0x00000000566d4000  572       4       java.util.BitSet::get (69 bytes)
Event: 1.006 Thread 0x00000000566d4000 nmethod 572 0x0000000002a11090 code [0x0000000002a111c0, 0x0000000002a11278]
Event: 1.006 Thread 0x00000000566d4000  574       4       com.android.dx.rop.code.InsnList::get (9 bytes)
Event: 1.007 Thread 0x00000000566d4000 nmethod 574 0x0000000002a10d50 code [0x0000000002a10ea0, 0x0000000002a10f78]
Event: 1.007 Thread 0x00000000566d4000  576       4       java.util.BitSet::expandTo (23 bytes)
Event: 1.008 Thread 0x00000000566d4000 nmethod 576 0x0000000002a10ad0 code [0x0000000002a10c00, 0x0000000002a10c98]
Event: 1.008 Thread 0x00000000566d4000  578       4       java.util.HashMap::get (23 bytes)

GC Heap History (0 events):
No events

Deoptimization events (0 events):
No events

Internal exceptions (2 events):
Event: 0.040 Thread 0x000000000056d800 Exception <a 'java/lang/NoSuchMethodError': Method sun.misc.Unsafe.defineClass(Ljava/lang/String;[BII)Ljava/lang/Class; name or signature does not match> (0x00000000eab07cc0) thrown at [D:\re\workspace\8-2-build-windows-amd64-cygwin\jdk8u92\6642\hotspot\sr.©éd~Q¤?
Event: 0.040 Thread 0x000000000056d800 Exception <a 'java/lang/NoSuchMethodError': Method sun.misc.Unsafe.prefetchRead(Ljava/lang/Object;J)V name or signature does not match> (0x00000000eab07fa8) thrown at [D:\re\workspace\8-2-build-windows-amd64-cygwin\jdk8u92\6642\hotspot\src\share\vm\prims\j

Events (10 events):
Event: 0.966 loading class java/util/DualPivotQuicksort
Event: 0.966 loading class java/util/DualPivotQuicksort done
Event: 0.989 loading class com/android/dx/cf/code/SwitchList
Event: 0.989 loading class com/android/dx/cf/code/SwitchList done
Event: 1.006 loading class com/android/dx/cf/code/Ropper$ExceptionHandlerSetup
Event: 1.006 loading class com/android/dx/cf/code/Ropper$ExceptionHandlerSetup done
Event: 1.008 loading class java/util/HashMap$Values
Event: 1.008 loading class java/util/HashMap$Values done
Event: 1.008 loading class java/util/HashMap$ValueIterator
Event: 1.008 loading class java/util/HashMap$ValueIterator done


Dynamic libraries:
0x000000013f450000 - 0x000000013f487000 	C:\Program Files\Java\jdk1.8.0_92\bin\java.exe
0x0000000077a50000 - 0x0000000077bfa000 	C:\windows\SYSTEM32\ntdll.dll
0x0000000077930000 - 0x0000000077a4f000 	C:\windows\system32\kernel32.dll
0x000007fefd9a0000 - 0x000007fefda0b000 	C:\windows\system32\KERNELBASE.dll
0x000007feff360000 - 0x000007feff43b000 	C:\windows\system32\ADVAPI32.dll
0x000007feffb00000 - 0x000007feffb9f000 	C:\windows\system32\msvcrt.dll
0x000007fefee70000 - 0x000007fefee8f000 	C:\windows\SYSTEM32\sechost.dll
0x000007fefddd0000 - 0x000007fefdefd000 	C:\windows\system32\RPCRT4.dll
0x0000000077830000 - 0x000000007792a000 	C:\windows\system32\USER32.dll
0x000007feff9f0000 - 0x000007feffa57000 	C:\windows\system32\GDI32.dll
0x000007fefdbd0000 - 0x000007fefdbde000 	C:\windows\system32\LPK.dll
0x000007feffc90000 - 0x000007feffd5a000 	C:\windows\system32\USP10.dll
0x000007fefbf80000 - 0x000007fefc174000 	C:\windows\WinSxS\amd64_microsoft.windows.common-controls_6595b64144ccf1df_6.0.7601.18837_none_fa3b1e3d17594757\COMCTL32.dll
0x000007feff790000 - 0x000007feff801000 	C:\windows\system32\SHLWAPI.dll
0x000007fefdda0000 - 0x000007fefddce000 	C:\windows\system32\IMM32.DLL
0x000007feff4d0000 - 0x000007feff5d9000 	C:\windows\system32\MSCTF.dll
0x00000000728b0000 - 0x0000000072982000 	C:\Program Files\Java\jdk1.8.0_92\jre\bin\msvcr100.dll
0x00000000714c0000 - 0x0000000071d56000 	C:\Program Files\Java\jdk1.8.0_92\jre\bin\server\jvm.dll
0x000007fef85e0000 - 0x000007fef85e9000 	C:\windows\system32\WSOCK32.dll
0x000007feffba0000 - 0x000007feffbed000 	C:\windows\system32\WS2_32.dll
0x000007fefdc00000 - 0x000007fefdc08000 	C:\windows\system32\NSI.dll
0x000007fefd880000 - 0x000007fefd8bb000 	C:\windows\system32\WINMM.dll
0x000007fefc880000 - 0x000007fefc88c000 	C:\windows\system32\VERSION.dll
0x0000000077c20000 - 0x0000000077c27000 	C:\windows\system32\PSAPI.DLL
0x0000000073d60000 - 0x0000000073d6f000 	C:\Program Files\Java\jdk1.8.0_92\jre\bin\verify.dll
0x0000000073040000 - 0x0000000073069000 	C:\Program Files\Java\jdk1.8.0_92\jre\bin\java.dll
0x00000000732d0000 - 0x00000000732e6000 	C:\Program Files\Java\jdk1.8.0_92\jre\bin\zip.dll
0x000007fefdfe0000 - 0x000007fefed69000 	C:\windows\system32\SHELL32.dll
0x000007fefee90000 - 0x000007feff093000 	C:\windows\system32\ole32.dll
0x000007fefd720000 - 0x000007fefd72f000 	C:\windows\system32\profapi.dll

VM Arguments:
jvm_args: -Djava.awt.headless=true -Xmx1024M -Dfile.encoding=GBK -Duser.country=CN -Duser.language=zh -Duser.variant 
java_command: com.android.dx.command.Main --dex --force-jumbo --num-threads=4 --output D:\News\app\build\intermediates\pre-dexed\debug\com.android.support-support-vector-drawable-24.1.1_125f0fbb45e4bd24cb7cfa523206f591130eff5c.jar D:\News\app\build\intermediates\exploded-aar\com.android.support\support-vector-drawable\24.1.1\jars\classes.jar
java_class_path (initial): D:\sdk\build-tools\24.0.1\lib\dx.jar
Launcher Type: SUN_STANDARD

Environment Variables:
PATH=C:\Program Files\Java\jdk1.8.0_92\bin;C:\Program Files (x86)\MySQL\MySQL Server 5.1\bin;C:\Windows\System32
USERNAME=Administrator
OS=Windows_NT
PROCESSOR_IDENTIFIER=Intel64 Family 6 Model 42 Stepping 7, GenuineIntel



---------------  S Y S T E M  ---------------

OS: Windows 7 , 64 bit Build 7601 (6.1.7601.19135)

CPU:total 4 (2 cores per cpu, 2 threads per core) family 6 model 42 stepping 7, cmov, cx8, fxsr, mmx, sse, sse2, sse3, ssse3, sse4.1, sse4.2, popcnt, avx, clmul, ht, tsc, tscinvbit

Memory: 4k page, physical 4133888k(733284k free), swap 5180628k(4368k free)

vm_info: Java HotSpot(TM) 64-Bit Server VM (25.92-b14) for windows-amd64 JRE (1.8.0_92-b14), built on Mar 31 2016 21:03:04 by "java_re" with MS VC++ 10.0 (VS2010)

time: Wed Sep 14 16:24:08 2016
elapsed time: 1 seconds (0d 0h 0m 1s)

