#
# There is insufficient memory for the Java Runtime Environment to continue.
# Native memory allocation (malloc) failed to allocate 218976 bytes for Chunk::new
# Possible reasons:
#   The system is out of physical RAM or swap space
#   In 32 bit mode, the process size limit was hit
# Possible solutions:
#   Reduce memory load on the system
#   Increase physical memory or swap space
#   Check if swap backing store is full
#   Use 64 bit Java on a 64 bit OS
#   Decrease Java heap size (-Xmx/-Xms)
#   Decrease number of Java threads
#   Decrease Java thread stack sizes (-Xss)
#   Set larger code cache with -XX:ReservedCodeCacheSize=
# This output file may be truncated or incomplete.
#
#  Out of Memory Error (allocation.cpp:390), pid=16760, tid=0x000000000000415c
#
# JRE version: Java(TM) SE Runtime Environment (8.0_92-b14) (build 1.8.0_92-b14)
# Java VM: Java HotSpot(TM) 64-Bit Server VM (25.92-b14 mixed mode windows-amd64 compressed oops)
# Failed to write core dump. Minidumps are not enabled by default on client versions of Windows
#

---------------  T H R E A D  ---------------

Current thread (0x000000005538f000):  JavaThread "C2 CompilerThread0" daemon [_thread_in_native, id=16732, stack(0x0000000056f70000,0x0000000057070000)]

Stack: [0x0000000056f70000,0x0000000057070000]
[error occurred during error reporting (printing stack bounds), id 0xc0000005]

Native frames: (J=compiled Java code, j=interpreted, Vv=VM code, C=native code)


Current CompileTask:
C2:   1024  617       4       com.android.dx.ssa.NormalSsaInsn::accept (25 bytes)


---------------  P R O C E S S  ---------------

Java Threads: ( => current thread )
  0x0000000056c16800 JavaThread "pool-1-thread-4" [_thread_blocked, id=13144, stack(0x00000000576a0000,0x00000000577a0000)]
  0x0000000056bba000 JavaThread "pool-1-thread-3" [_thread_in_vm, id=16824, stack(0x0000000057c90000,0x0000000057d90000)]
  0x0000000056bb9000 JavaThread "pool-1-thread-2" [_thread_in_Java, id=16924, stack(0x0000000057ae0000,0x0000000057be0000)]
  0x0000000056b91000 JavaThread "pool-2-thread-1" [_thread_blocked, id=17204, stack(0x00000000578d0000,0x00000000579d0000)]
  0x0000000056b8f000 JavaThread "pool-1-thread-1" [_thread_in_Java, id=17188, stack(0x00000000577d0000,0x00000000578d0000)]
  0x0000000056940000 JavaThread "Service Thread" daemon [_thread_blocked, id=16988, stack(0x00000000570d0000,0x00000000571d0000)]
  0x00000000568c6000 JavaThread "C1 CompilerThread2" daemon [_thread_blocked, id=16688, stack(0x00000000573d0000,0x00000000574d0000)]
  0x00000000568bb000 JavaThread "C2 CompilerThread1" daemon [_thread_in_native, id=16400, stack(0x00000000571e0000,0x00000000572e0000)]
=>0x000000005538f000 JavaThread "C2 CompilerThread0" daemon [_thread_in_native, id=16732, stack(0x0000000056f70000,0x0000000057070000)]
  0x000000005538d800 JavaThread "Attach Listener" daemon [_thread_blocked, id=17292, stack(0x0000000056d70000,0x0000000056e70000)]
  0x000000005537e800 JavaThread "Signal Dispatcher" daemon [_thread_blocked, id=16904, stack(0x0000000056440000,0x0000000056540000)]
  0x0000000055369000 JavaThread "Finalizer" daemon [_thread_blocked, id=16948, stack(0x00000000567b0000,0x00000000568b0000)]
  0x0000000055322000 JavaThread "Reference Handler" daemon [_thread_blocked, id=17296, stack(0x00000000565f0000,0x00000000566f0000)]
  0x000000000261d800 JavaThread "main" [_thread_blocked, id=17080, stack(0x0000000002670000,0x0000000002770000)]

Other Threads:
  0x000000005531a000 VMThread [stack: 0x0000000056320000,0x0000000056420000] [id=15900]
  0x0000000056989800 WatcherThread [stack: 0x0000000057510000,0x0000000057610000] [id=17384]

VM state:not at safepoint (normal execution)

VM Mutex/Monitor currently owned by a thread: None

Heap:
 PSYoungGen      total 18944K, used 3839K [0x00000000eab00000, 0x00000000ec000000, 0x0000000100000000)
  eden space 16384K, 7% used [0x00000000eab00000,0x00000000eac42250,0x00000000ebb00000)
  from space 2560K, 99% used [0x00000000ebb00000,0x00000000ebd7dc90,0x00000000ebd80000)
  to   space 2560K, 0% used [0x00000000ebd80000,0x00000000ebd80000,0x00000000ec000000)
 ParOldGen       total 44032K, used 1671K [0x00000000c0000000, 0x00000000c2b00000, 0x00000000eab00000)
  object space 44032K, 3% used [0x00000000c0000000,0x00000000c01a1cd0,0x00000000c2b00000)
 Metaspace       used 5715K, capacity 6640K, committed 6784K, reserved 1056768K
  class space    used 598K, capacity 616K, committed 640K, reserved 1048576K

Card table byte_map: [0x0000000011bf0000,0x0000000011e00000] byte_map_base: 0x00000000115f0000

Marking Bits: (ParMarkBitMap*) 0x0000000071cd64f0
 Begin Bits: [0x0000000012790000, 0x0000000013790000)
 End Bits:   [0x0000000013790000, 0x0000000014790000)

Polling page: 0x0000000000460000

CodeCache: size=245760Kb used=2616Kb max_used=2616Kb free=243143Kb
 bounds [0x0000000002830000, 0x0000000002ac0000, 0x0000000011830000]
 total_blobs=913 nmethods=643 adapters=182
 compilation: disabled (not enough contiguous free space left)

Compilation events (10 events):
Event: 0.949 Thread 0x00000000568c6000 nmethod 631 0x0000000002ab1990 code [0x0000000002ab1ae0, 0x0000000002ab1bd0]
Event: 0.949 Thread 0x00000000568c6000  587       1       com.android.dx.rop.cst.CstBaseMethodRef::getPrototype (5 bytes)
Event: 0.949 Thread 0x00000000568c6000 nmethod 587 0x0000000002ab1c50 code [0x0000000002ab1da0, 0x0000000002ab1eb0]
Event: 0.949 Thread 0x00000000568c6000  658       3       com.android.dx.ssa.LiteralOpUpgrader$1::visitNonMoveInsn (203 bytes)
Event: 0.952 Thread 0x00000000568c6000 nmethod 658 0x0000000002ab1f10 code [0x0000000002ab23e0, 0x0000000002ab5e88]
Event: 0.952 Thread 0x00000000568c6000  661       3       com.android.dx.cf.code.LineNumberList::pcToLine (73 bytes)
Event: 0.953 Thread 0x00000000568c6000 nmethod 661 0x0000000002ab7b10 code [0x0000000002ab7ca0, 0x0000000002ab8348]
Event: 0.953 Thread 0x00000000568c6000  659       3       com.android.dx.ssa.LiteralOpUpgrader::access$000 (6 bytes)
Event: 0.953 Thread 0x00000000568c6000 nmethod 659 0x0000000002ab8590 code [0x0000000002ab8700, 0x0000000002ab8868]
Event: 0.953 Thread 0x00000000568c6000  660       3       com.android.dx.ssa.LiteralOpUpgrader::tryReplacingWithConstant (161 bytes)

GC Heap History (1 events):
Event: 1.006 GC heap before
{Heap before GC invocations=1 (full 0):
 PSYoungGen      total 18944K, used 16384K [0x00000000eab00000, 0x00000000ec000000, 0x0000000100000000)
  eden space 16384K, 100% used [0x00000000eab00000,0x00000000ebb00000,0x00000000ebb00000)
  from space 2560K, 0% used [0x00000000ebd80000,0x00000000ebd80000,0x00000000ec000000)
  to   space 2560K, 0% used [0x00000000ebb00000,0x00000000ebb00000,0x00000000ebd80000)
 ParOldGen       total 44032K, used 0K [0x00000000c0000000, 0x00000000c2b00000, 0x00000000eab00000)
  object space 44032K, 0% used [0x00000000c0000000,0x00000000c0000000,0x00000000c2b00000)
 Metaspace       used 5695K, capacity 6640K, committed 6784K, reserved 1056768K
  class space    used 596K, capacity 616K, committed 640K, reserved 1048576K

Deoptimization events (2 events):
Event: 0.905 Thread 0x0000000056c16800 Uncommon trap: reason=unstable_if action=reinterpret pc=0x0000000002a3fe88 method=java.util.HashMap.getNode(ILjava/lang/Object;)Ljava/util/HashMap$Node; @ 129
Event: 0.944 Thread 0x0000000056bba000 Uncommon trap: reason=unstable_if action=reinterpret pc=0x0000000002a922a0 method=java.util.BitSet.nextSetBit(I)I @ 87

Internal exceptions (2 events):
Event: 0.037 Thread 0x000000000261d800 Exception <a 'java/lang/NoSuchMethodError': Method sun.misc.Unsafe.defineClass(Ljava/lang/String;[BII)Ljava/lang/Class; name or signature does not match> (0x00000000eab07cc0) thrown at [D:\re\workspace\8-2-build-windows-amd64-cygwin\jdk8u92\6642\hotspot\sr\çÚçü£?
Event: 0.037 Thread 0x000000000261d800 Exception <a 'java/lang/NoSuchMethodError': Method sun.misc.Unsafe.prefetchRead(Ljava/lang/Object;J)V name or signature does not match> (0x00000000eab07fa8) thrown at [D:\re\workspace\8-2-build-windows-amd64-cygwin\jdk8u92\6642\hotspot\src\share\vm\prims\j

Events (10 events):
Event: 0.905 Thread 0x0000000056c16800 DEOPT PACKING pc=0x0000000002a3fe88 sp=0x000000005779e630
Event: 0.905 Thread 0x0000000056c16800 DEOPT UNPACKING pc=0x000000000287582a sp=0x000000005779e5a8 mode 2
Event: 0.921 loading class com/android/dx/cf/code/BytecodeArray$ConstantParserVisitor
Event: 0.921 loading class com/android/dx/cf/code/BytecodeArray$ConstantParserVisitor done
Event: 0.944 Thread 0x0000000056bba000 Uncommon trap: trap_request=0xffffff65 fr.pc=0x0000000002a922a0
Event: 0.944 Thread 0x0000000056bba000 DEOPT PACKING pc=0x0000000002a922a0 sp=0x0000000057d8eba0
Event: 0.944 Thread 0x0000000056bba000 DEOPT UNPACKING pc=0x000000000287582a sp=0x0000000057d8eb38 mode 2
Event: 0.952 loading class java/util/DualPivotQuicksort
Event: 0.953 loading class java/util/DualPivotQuicksort done
Event: 0.956 Executing VM operation: ParallelGCFailedAllocation


Dynamic libraries:
0x000000013f450000 - 0x000000013f487000 	C:\Program Files\Java\jdk1.8.0_92\bin\java.exe
0x0000000077a50000 - 0x0000000077bfa000 	C:\windows\SYSTEM32\ntdll.dll
0x0000000077930000 - 0x0000000077a4f000 	C:\windows\system32\kernel32.dll
0x000007fefd9a0000 - 0x000007fefda0b000 	C:\windows\system32\KERNELBASE.dll
0x000007feff360000 - 0x000007feff43b000 	C:\windows\system32\ADVAPI32.dll
0x000007feffb00000 - 0x000007feffb9f000 	C:\windows\system32\msvcrt.dll
0x000007fefee70000 - 0x000007fefee8f000 	C:\windows\SYSTEM32\sechost.dll
0x000007fefddd0000 - 0x000007fefdefd000 	C:\windows\system32\RPCRT4.dll
0x0000000077830000 - 0x000000007792a000 	C:\windows\system32\USER32.dll
0x000007feff9f0000 - 0x000007feffa57000 	C:\windows\system32\GDI32.dll
0x000007fefdbd0000 - 0x000007fefdbde000 	C:\windows\system32\LPK.dll
0x000007feffc90000 - 0x000007feffd5a000 	C:\windows\system32\USP10.dll
0x000007fefbf80000 - 0x000007fefc174000 	C:\windows\WinSxS\amd64_microsoft.windows.common-controls_6595b64144ccf1df_6.0.7601.18837_none_fa3b1e3d17594757\COMCTL32.dll
0x000007feff790000 - 0x000007feff801000 	C:\windows\system32\SHLWAPI.dll
0x000007fefdda0000 - 0x000007fefddce000 	C:\windows\system32\IMM32.DLL
0x000007feff4d0000 - 0x000007feff5d9000 	C:\windows\system32\MSCTF.dll
0x00000000728b0000 - 0x0000000072982000 	C:\Program Files\Java\jdk1.8.0_92\jre\bin\msvcr100.dll
0x00000000714c0000 - 0x0000000071d56000 	C:\Program Files\Java\jdk1.8.0_92\jre\bin\server\jvm.dll
0x000007fef85e0000 - 0x000007fef85e9000 	C:\windows\system32\WSOCK32.dll
0x000007feffba0000 - 0x000007feffbed000 	C:\windows\system32\WS2_32.dll
0x000007fefdc00000 - 0x000007fefdc08000 	C:\windows\system32\NSI.dll
0x000007fefd880000 - 0x000007fefd8bb000 	C:\windows\system32\WINMM.dll
0x000007fefc880000 - 0x000007fefc88c000 	C:\windows\system32\VERSION.dll
0x0000000077c20000 - 0x0000000077c27000 	C:\windows\system32\PSAPI.DLL
0x0000000073d60000 - 0x0000000073d6f000 	C:\Program Files\Java\jdk1.8.0_92\jre\bin\verify.dll
0x0000000073040000 - 0x0000000073069000 	C:\Program Files\Java\jdk1.8.0_92\jre\bin\java.dll
0x00000000732d0000 - 0x00000000732e6000 	C:\Program Files\Java\jdk1.8.0_92\jre\bin\zip.dll
0x000007fefdfe0000 - 0x000007fefed69000 	C:\windows\system32\SHELL32.dll
0x000007fefee90000 - 0x000007feff093000 	C:\windows\system32\ole32.dll
0x000007fefd720000 - 0x000007fefd72f000 	C:\windows\system32\profapi.dll

VM Arguments:
jvm_args: -Djava.awt.headless=true -Xmx1024M -Dfile.encoding=GBK -Duser.country=CN -Duser.language=zh -Duser.variant 
java_command: com.android.dx.command.Main --dex --force-jumbo --num-threads=4 --output D:\News\app\build\intermediates\pre-dexed\debug\com.android.support-design-24.1.1_95ac637436d6971f196fdb971661b140c36d6b70.jar D:\News\app\build\intermediates\exploded-aar\com.android.support\design\24.1.1\jars\classes.jar
java_class_path (initial): D:\sdk\build-tools\24.0.1\lib\dx.jar
Launcher Type: SUN_STANDARD

Environment Variables:
PATH=C:\Program Files\Java\jdk1.8.0_92\bin;C:\Program Files (x86)\MySQL\MySQL Server 5.1\bin;C:\Windows\System32
USERNAME=Administrator
OS=Windows_NT
PROCESSOR_IDENTIFIER=Intel64 Family 6 Model 42 Stepping 7, GenuineIntel



---------------  S Y S T E M  ---------------

OS: Windows 7 , 64 bit Build 7601 (6.1.7601.19135)

CPU:total 4 (2 cores per cpu, 2 threads per core) family 6 model 42 stepping 7, cmov, cx8, fxsr, mmx, sse, sse2, sse3, ssse3, sse4.1, sse4.2, popcnt, avx, clmul, ht, tsc, tscinvbit

Memory: 4k page, physical 4133888k(733108k free), swap 5180628k(5000k free)

vm_info: Java HotSpot(TM) 64-Bit Server VM (25.92-b14) for windows-amd64 JRE (1.8.0_92-b14), built on Mar 31 2016 21:03:04 by "java_re" with MS VC++ 10.0 (VS2010)

time: Wed Sep 14 16:24:08 2016
elapsed time: 1 seconds (0d 0h 0m 1s)

